<?xml version="1.0" encoding="UTF-8"?>
<testsuite xmlns:xsi="http://www.w3.org/2001/XMLSchema-instance" xsi:noNamespaceSchemaLocation="https://maven.apache.org/surefire/maven-surefire-plugin/xsd/surefire-test-report.xsd" name="TestSuite" time="2.137" tests="54" errors="0" skipped="46" failures="8">
  <properties>
[...]
</properties>
  <testcase name="beforeClass" classname="TestDropDownClick" time="1.826">
    <failure message="Error forwarding the new session Empty pool of VM for setup Capabilities {browserName: chrome, platform: WINDOWS, version: }&#10;Command duration or timeout: 292 milliseconds" type="org.openqa.selenium.WebDriverException">org.openqa.selenium.WebDriverException: 
Error forwarding the new session Empty pool of VM for setup Capabilities {browserName: chrome, platform: WINDOWS, version: }
Command duration or timeout: 292 milliseconds
	at TestDropDownClick.beforeClass(TestDropDownClick.java:27)
Caused by: org.openqa.selenium.WebDriverException: 
Error forwarding the new session Empty pool of VM for setup Capabilities {browserName: chrome, platform: WINDOWS, version: }
Build info: version: '3.141.59', revision: 'e82be7d358', time: '2018-11-14T08:17:03'
System info: host: 'DESKTOP-8H0MF42', ip: '192.168.100.42', os.name: 'Windows 10', os.arch: 'amd64', os.version: '10.0', java.version: '1.8.0_221'
Driver info: driver.version: unknown
</failure>
    <system-err><![CDATA[янв 18, 2020 4:30:05 PM org.openqa.selenium.remote.DesiredCapabilities chrome
INFO: Using `new ChromeOptions()` is preferred to `DesiredCapabilities.chrome()`
янв 18, 2020 4:30:05 PM org.openqa.selenium.remote.DesiredCapabilities chrome
INFO: Using `new ChromeOptions()` is preferred to `DesiredCapabilities.chrome()`
янв 18, 2020 4:30:05 PM org.openqa.selenium.remote.DesiredCapabilities chrome
INFO: Using `new ChromeOptions()` is preferred to `DesiredCapabilities.chrome()`
янв 18, 2020 4:30:05 PM org.openqa.selenium.remote.DesiredCapabilities chrome
INFO: Using `new ChromeOptions()` is preferred to `DesiredCapabilities.chrome()`
]]></system-err>
  </testcase>
  <testcase name="beforeClass" classname="TestDropDownClick" time="1.827">
    <failure message="Error forwarding the new session Empty pool of VM for setup Capabilities {browserName: chrome, platform: WINDOWS, version: }&#10;Command duration or timeout: 292 milliseconds" type="org.openqa.selenium.WebDriverException">org.openqa.selenium.WebDriverException: 
Error forwarding the new session Empty pool of VM for setup Capabilities {browserName: chrome, platform: WINDOWS, version: }
Command duration or timeout: 292 milliseconds
	at TestDropDownClick.beforeClass(TestDropDownClick.java:27)
Caused by: org.openqa.selenium.WebDriverException: 
Error forwarding the new session Empty pool of VM for setup Capabilities {browserName: chrome, platform: WINDOWS, version: }
Build info: version: '3.141.59', revision: 'e82be7d358', time: '2018-11-14T08:17:03'
System info: host: 'DESKTOP-8H0MF42', ip: '192.168.100.42', os.name: 'Windows 10', os.arch: 'amd64', os.version: '10.0', java.version: '1.8.0_221'
Driver info: driver.version: unknown
</failure>
  </testcase>
  <testcase name="beforeClass" classname="TestDropDownClick" time="1.827">
    <failure message="Error forwarding the new session Empty pool of VM for setup Capabilities {browserName: chrome, platform: WINDOWS, version: }&#10;Command duration or timeout: 292 milliseconds" type="org.openqa.selenium.WebDriverException">org.openqa.selenium.WebDriverException: 
Error forwarding the new session Empty pool of VM for setup Capabilities {browserName: chrome, platform: WINDOWS, version: }
Command duration or timeout: 292 milliseconds
	at TestDropDownClick.beforeClass(TestDropDownClick.java:27)
Caused by: org.openqa.selenium.WebDriverException: 
Error forwarding the new session Empty pool of VM for setup Capabilities {browserName: chrome, platform: WINDOWS, version: }
Build info: version: '3.141.59', revision: 'e82be7d358', time: '2018-11-14T08:17:03'
System info: host: 'DESKTOP-8H0MF42', ip: '192.168.100.42', os.name: 'Windows 10', os.arch: 'amd64', os.version: '10.0', java.version: '1.8.0_221'
Driver info: driver.version: unknown
</failure>
  </testcase>
  <testcase name="beforeClass" classname="TestDropDownClick" time="1.828">
    <failure message="Error forwarding the new session Empty pool of VM for setup Capabilities {browserName: chrome, platform: WINDOWS, version: }&#10;Command duration or timeout: 292 milliseconds" type="org.openqa.selenium.WebDriverException">org.openqa.selenium.WebDriverException: 
Error forwarding the new session Empty pool of VM for setup Capabilities {browserName: chrome, platform: WINDOWS, version: }
Command duration or timeout: 292 milliseconds
	at TestDropDownClick.beforeClass(TestDropDownClick.java:27)
Caused by: org.openqa.selenium.WebDriverException: 
Error forwarding the new session Empty pool of VM for setup Capabilities {browserName: chrome, platform: WINDOWS, version: }
Build info: version: '3.141.59', revision: 'e82be7d358', time: '2018-11-14T08:17:03'
System info: host: 'DESKTOP-8H0MF42', ip: '192.168.100.42', os.name: 'Windows 10', os.arch: 'amd64', os.version: '10.0', java.version: '1.8.0_221'
Driver info: driver.version: unknown
</failure>
  </testcase>
  <testcase name="beforeClass" classname="TestDropDownClick" time="0">
    <skipped/>
  </testcase>
  <testcase name="beforeClass" classname="TestDropDownClick" time="0">
    <skipped/>
  </testcase>
  <testcase name="beforeClass" classname="TestDropDownClick" time="0">
    <skipped/>
  </testcase>
  <testcase name="beforeClass" classname="TestDropDownClick" time="0">
    <skipped/>
  </testcase>
  <testcase name="beforeClass" classname="TestDropDownClick" time="0">
    <skipped/>
  </testcase>
  <testcase name="beforeClass" classname="TestDropDownClick" time="0.103">
    <failure message="Error forwarding the new session Empty pool of VM for setup Capabilities {browserName: firefox, platform: WINDOWS, version: }&#10;Command duration or timeout: 23 milliseconds" type="org.openqa.selenium.WebDriverException">org.openqa.selenium.WebDriverException: 
Error forwarding the new session Empty pool of VM for setup Capabilities {browserName: firefox, platform: WINDOWS, version: }
Command duration or timeout: 23 milliseconds
	at TestDropDownClick.beforeClass(TestDropDownClick.java:32)
Caused by: org.openqa.selenium.WebDriverException: 
Error forwarding the new session Empty pool of VM for setup Capabilities {browserName: firefox, platform: WINDOWS, version: }
Build info: version: '3.141.59', revision: 'e82be7d358', time: '2018-11-14T08:17:03'
System info: host: 'DESKTOP-8H0MF42', ip: '192.168.100.42', os.name: 'Windows 10', os.arch: 'amd64', os.version: '10.0', java.version: '1.8.0_221'
Driver info: driver.version: unknown
</failure>
    <system-err><![CDATA[янв 18, 2020 4:30:06 PM org.openqa.selenium.remote.DesiredCapabilities chrome
INFO: Using `new ChromeOptions()` is preferred to `DesiredCapabilities.chrome()`
янв 18, 2020 4:30:06 PM org.openqa.selenium.remote.DesiredCapabilities chrome
INFO: Using `new ChromeOptions()` is preferred to `DesiredCapabilities.chrome()`
янв 18, 2020 4:30:06 PM org.openqa.selenium.remote.DesiredCapabilities chrome
INFO: Using `new ChromeOptions()` is preferred to `DesiredCapabilities.chrome()`
янв 18, 2020 4:30:06 PM org.openqa.selenium.remote.DesiredCapabilities chrome
INFO: Using `new ChromeOptions()` is preferred to `DesiredCapabilities.chrome()`
]]></system-err>
  </testcase>
  <testcase name="beforeClass" classname="TestDropDownClick" time="0">
    <skipped/>
  </testcase>
  <testcase name="beforeClass" classname="TestDropDownClick" time="0.001">
    <failure message="Error forwarding the new session Empty pool of VM for setup Capabilities {browserName: firefox, platform: WINDOWS, version: }&#10;Command duration or timeout: 15 milliseconds" type="org.openqa.selenium.WebDriverException">org.openqa.selenium.WebDriverException: 
Error forwarding the new session Empty pool of VM for setup Capabilities {browserName: firefox, platform: WINDOWS, version: }
Command duration or timeout: 15 milliseconds
	at TestDropDownClick.beforeClass(TestDropDownClick.java:32)
Caused by: org.openqa.selenium.WebDriverException: 
Error forwarding the new session Empty pool of VM for setup Capabilities {browserName: firefox, platform: WINDOWS, version: }
Build info: version: '3.141.59', revision: 'e82be7d358', time: '2018-11-14T08:17:03'
System info: host: 'DESKTOP-8H0MF42', ip: '192.168.100.42', os.name: 'Windows 10', os.arch: 'amd64', os.version: '10.0', java.version: '1.8.0_221'
Driver info: driver.version: unknown
</failure>
  </testcase>
  <testcase name="beforeClass" classname="TestDropDownClick" time="0">
    <failure message="Error forwarding the new session Empty pool of VM for setup Capabilities {browserName: firefox, platform: WINDOWS, version: }&#10;Command duration or timeout: 16 milliseconds" type="org.openqa.selenium.WebDriverException">org.openqa.selenium.WebDriverException: 
Error forwarding the new session Empty pool of VM for setup Capabilities {browserName: firefox, platform: WINDOWS, version: }
Command duration or timeout: 16 milliseconds
	at TestDropDownClick.beforeClass(TestDropDownClick.java:32)
Caused by: org.openqa.selenium.WebDriverException: 
Error forwarding the new session Empty pool of VM for setup Capabilities {browserName: firefox, platform: WINDOWS, version: }
Build info: version: '3.141.59', revision: 'e82be7d358', time: '2018-11-14T08:17:03'
System info: host: 'DESKTOP-8H0MF42', ip: '192.168.100.42', os.name: 'Windows 10', os.arch: 'amd64', os.version: '10.0', java.version: '1.8.0_221'
Driver info: driver.version: unknown
</failure>
  </testcase>
  <testcase name="beforeClass" classname="TestDropDownClick" time="0">
    <skipped/>
  </testcase>
  <testcase name="beforeClass" classname="TestDropDownClick" time="0.001">
    <failure message="Error forwarding the new session Empty pool of VM for setup Capabilities {browserName: firefox, platform: WINDOWS, version: }&#10;Command duration or timeout: 22 milliseconds" type="org.openqa.selenium.WebDriverException">org.openqa.selenium.WebDriverException: 
Error forwarding the new session Empty pool of VM for setup Capabilities {browserName: firefox, platform: WINDOWS, version: }
Command duration or timeout: 22 milliseconds
	at TestDropDownClick.beforeClass(TestDropDownClick.java:32)
Caused by: org.openqa.selenium.WebDriverException: 
Error forwarding the new session Empty pool of VM for setup Capabilities {browserName: firefox, platform: WINDOWS, version: }
Build info: version: '3.141.59', revision: 'e82be7d358', time: '2018-11-14T08:17:03'
System info: host: 'DESKTOP-8H0MF42', ip: '192.168.100.42', os.name: 'Windows 10', os.arch: 'amd64', os.version: '10.0', java.version: '1.8.0_221'
Driver info: driver.version: unknown
</failure>
  </testcase>
  <testcase name="beforeClass" classname="TestDropDownClick" time="0">
    <skipped/>
  </testcase>
  <testcase name="beforeClass" classname="TestDropDownClick" time="0">
    <skipped/>
  </testcase>
  <testcase name="beforeClass" classname="TestDropDownClick" time="0">
    <skipped/>
  </testcase>
  <testcase name="clickByDate" classname="TestDropDownClick" time="0">
    <skipped message="Error forwarding the new session Empty pool of VM for setup Capabilities {browserName: chrome, platform: WINDOWS, version: }&#10;Command duration or timeout: 292 milliseconds"/>
  </testcase>
  <testcase name="clickByDate" classname="TestDropDownClick" time="0">
    <skipped message="Error forwarding the new session Empty pool of VM for setup Capabilities {browserName: firefox, platform: WINDOWS, version: }&#10;Command duration or timeout: 23 milliseconds"/>
  </testcase>
  <testcase name="chooseYearOfBirthdayDropDown" classname="TestDropDownClick" time="0">
    <skipped message="Error forwarding the new session Empty pool of VM for setup Capabilities {browserName: chrome, platform: WINDOWS, version: }&#10;Command duration or timeout: 292 milliseconds"/>
  </testcase>
  <testcase name="chooseYearOfBirthdayDropDown" classname="TestDropDownClick" time="0">
    <skipped message="Error forwarding the new session Empty pool of VM for setup Capabilities {browserName: chrome, platform: WINDOWS, version: }&#10;Command duration or timeout: 292 milliseconds"/>
  </testcase>
  <testcase name="chooseYearOfBirthdayDropDown" classname="TestDropDownClick" time="0">
    <skipped message="Error forwarding the new session Empty pool of VM for setup Capabilities {browserName: firefox, platform: WINDOWS, version: }&#10;Command duration or timeout: 23 milliseconds"/>
  </testcase>
  <testcase name="chooseYearOfBirthdayDropDown" classname="TestDropDownClick" time="0">
    <skipped message="Error forwarding the new session Empty pool of VM for setup Capabilities {browserName: firefox, platform: WINDOWS, version: }&#10;Command duration or timeout: 23 milliseconds"/>
  </testcase>
  <testcase name="chooseDayOfBirthdayDropDown" classname="TestDropDownClick" time="0">
    <skipped message="Error forwarding the new session Empty pool of VM for setup Capabilities {browserName: chrome, platform: WINDOWS, version: }&#10;Command duration or timeout: 292 milliseconds"/>
  </testcase>
  <testcase name="chooseDayOfBirthdayDropDown" classname="TestDropDownClick" time="0">
    <skipped message="Error forwarding the new session Empty pool of VM for setup Capabilities {browserName: chrome, platform: WINDOWS, version: }&#10;Command duration or timeout: 292 milliseconds"/>
  </testcase>
  <testcase name="chooseDayOfBirthdayDropDown" classname="TestDropDownClick" time="0">
    <skipped message="Error forwarding the new session Empty pool of VM for setup Capabilities {browserName: firefox, platform: WINDOWS, version: }&#10;Command duration or timeout: 23 milliseconds"/>
  </testcase>
  <testcase name="chooseDayOfBirthdayDropDown" classname="TestDropDownClick" time="0">
    <skipped message="Error forwarding the new session Empty pool of VM for setup Capabilities {browserName: firefox, platform: WINDOWS, version: }&#10;Command duration or timeout: 23 milliseconds"/>
  </testcase>
  <testcase name="chooseMonthOfBirthdayDropDown" classname="TestDropDownClick" time="0">
    <skipped message="Error forwarding the new session Empty pool of VM for setup Capabilities {browserName: chrome, platform: WINDOWS, version: }&#10;Command duration or timeout: 292 milliseconds"/>
  </testcase>
  <testcase name="chooseMonthOfBirthdayDropDown" classname="TestDropDownClick" time="0">
    <skipped message="Error forwarding the new session Empty pool of VM for setup Capabilities {browserName: chrome, platform: WINDOWS, version: }&#10;Command duration or timeout: 292 milliseconds"/>
  </testcase>
  <testcase name="chooseMonthOfBirthdayDropDown" classname="TestDropDownClick" time="0">
    <skipped message="Error forwarding the new session Empty pool of VM for setup Capabilities {browserName: firefox, platform: WINDOWS, version: }&#10;Command duration or timeout: 23 milliseconds"/>
  </testcase>
  <testcase name="chooseMonthOfBirthdayDropDown" classname="TestDropDownClick" time="0">
    <skipped message="Error forwarding the new session Empty pool of VM for setup Capabilities {browserName: firefox, platform: WINDOWS, version: }&#10;Command duration or timeout: 23 milliseconds"/>
  </testcase>
  <testcase name="afterClass" classname="TestDropDownClick" time="0">
    <skipped/>
  </testcase>
  <testcase name="afterClass" classname="TestDropDownClick" time="0">
    <skipped/>
  </testcase>
  <testcase name="afterClass" classname="TestDropDownClick" time="0">
    <skipped/>
  </testcase>
  <testcase name="afterClass" classname="TestDropDownClick" time="0">
    <skipped/>
  </testcase>
  <testcase name="afterClass" classname="TestDropDownClick" time="0">
    <skipped/>
  </testcase>
  <testcase name="afterClass" classname="TestDropDownClick" time="0">
    <skipped/>
  </testcase>
  <testcase name="afterClass" classname="TestDropDownClick" time="0">
    <skipped/>
  </testcase>
  <testcase name="afterClass" classname="TestDropDownClick" time="0">
    <skipped/>
  </testcase>
  <testcase name="afterClass" classname="TestDropDownClick" time="0">
    <skipped/>
  </testcase>
  <testcase name="afterClass" classname="TestDropDownClick" time="0">
    <skipped/>
  </testcase>
  <testcase name="afterClass" classname="TestDropDownClick" time="0">
    <skipped/>
  </testcase>
  <testcase name="afterClass" classname="TestDropDownClick" time="0">
    <skipped/>
  </testcase>
  <testcase name="afterClass" classname="TestDropDownClick" time="0">
    <skipped/>
  </testcase>
  <testcase name="afterClass" classname="TestDropDownClick" time="0">
    <skipped/>
  </testcase>
  <testcase name="afterClass" classname="TestDropDownClick" time="0">
    <skipped/>
  </testcase>
  <testcase name="afterClass" classname="TestDropDownClick" time="0">
    <skipped/>
  </testcase>
  <testcase name="afterClass" classname="TestDropDownClick" time="0">
    <skipped/>
  </testcase>
  <testcase name="afterClass" classname="TestDropDownClick" time="0">
    <skipped/>
  </testcase>
  <testcase name="clickByMonth" classname="TestDropDownClick" time="0">
    <skipped message="Error forwarding the new session Empty pool of VM for setup Capabilities {browserName: chrome, platform: WINDOWS, version: }&#10;Command duration or timeout: 292 milliseconds"/>
  </testcase>
  <testcase name="clickByMonth" classname="TestDropDownClick" time="0">
    <skipped message="Error forwarding the new session Empty pool of VM for setup Capabilities {browserName: firefox, platform: WINDOWS, version: }&#10;Command duration or timeout: 23 milliseconds"/>
  </testcase>
  <testcase name="clickByYear" classname="TestDropDownClick" time="0">
    <skipped message="Error forwarding the new session Empty pool of VM for setup Capabilities {browserName: chrome, platform: WINDOWS, version: }&#10;Command duration or timeout: 292 milliseconds"/>
  </testcase>
  <testcase name="clickByYear" classname="TestDropDownClick" time="0">
    <skipped message="Error forwarding the new session Empty pool of VM for setup Capabilities {browserName: firefox, platform: WINDOWS, version: }&#10;Command duration or timeout: 23 milliseconds"/>
  </testcase>
</testsuite>