-------------------------------------------------------------------------------
Test set: TestSuite
-------------------------------------------------------------------------------
Tests run: 54, Failures: 8, Errors: 0, Skipped: 46, Time elapsed: 2.137 s <<< FAILURE! - in TestSuite
beforeClass(TestDropDownClick)  Time elapsed: 1.826 s  <<< FAILURE!
org.openqa.selenium.WebDriverException: 
Error forwarding the new session Empty pool of VM for setup Capabilities {browserName: chrome, platform: WINDOWS, version: }
Command duration or timeout: 292 milliseconds
	at TestDropDownClick.beforeClass(TestDropDownClick.java:27)
Caused by: org.openqa.selenium.WebDriverException: 
Error forwarding the new session Empty pool of VM for setup Capabilities {browserName: chrome, platform: WINDOWS, version: }
Build info: version: '3.141.59', revision: 'e82be7d358', time: '2018-11-14T08:17:03'
System info: host: 'DESKTOP-8H0MF42', ip: '192.168.100.42', os.name: 'Windows 10', os.arch: 'amd64', os.version: '10.0', java.version: '1.8.0_221'
Driver info: driver.version: unknown

beforeClass(TestDropDownClick)  Time elapsed: 1.827 s  <<< FAILURE!
org.openqa.selenium.WebDriverException: 
Error forwarding the new session Empty pool of VM for setup Capabilities {browserName: chrome, platform: WINDOWS, version: }
Command duration or timeout: 292 milliseconds
	at TestDropDownClick.beforeClass(TestDropDownClick.java:27)
Caused by: org.openqa.selenium.WebDriverException: 
Error forwarding the new session Empty pool of VM for setup Capabilities {browserName: chrome, platform: WINDOWS, version: }
Build info: version: '3.141.59', revision: 'e82be7d358', time: '2018-11-14T08:17:03'
System info: host: 'DESKTOP-8H0MF42', ip: '192.168.100.42', os.name: 'Windows 10', os.arch: 'amd64', os.version: '10.0', java.version: '1.8.0_221'
Driver info: driver.version: unknown

beforeClass(TestDropDownClick)  Time elapsed: 1.827 s  <<< FAILURE!
org.openqa.selenium.WebDriverException: 
Error forwarding the new session Empty pool of VM for setup Capabilities {browserName: chrome, platform: WINDOWS, version: }
Command duration or timeout: 292 milliseconds
	at TestDropDownClick.beforeClass(TestDropDownClick.java:27)
Caused by: org.openqa.selenium.WebDriverException: 
Error forwarding the new session Empty pool of VM for setup Capabilities {browserName: chrome, platform: WINDOWS, version: }
Build info: version: '3.141.59', revision: 'e82be7d358', time: '2018-11-14T08:17:03'
System info: host: 'DESKTOP-8H0MF42', ip: '192.168.100.42', os.name: 'Windows 10', os.arch: 'amd64', os.version: '10.0', java.version: '1.8.0_221'
Driver info: driver.version: unknown

beforeClass(TestDropDownClick)  Time elapsed: 1.828 s  <<< FAILURE!
org.openqa.selenium.WebDriverException: 
Error forwarding the new session Empty pool of VM for setup Capabilities {browserName: chrome, platform: WINDOWS, version: }
Command duration or timeout: 292 milliseconds
	at TestDropDownClick.beforeClass(TestDropDownClick.java:27)
Caused by: org.openqa.selenium.WebDriverException: 
Error forwarding the new session Empty pool of VM for setup Capabilities {browserName: chrome, platform: WINDOWS, version: }
Build info: version: '3.141.59', revision: 'e82be7d358', time: '2018-11-14T08:17:03'
System info: host: 'DESKTOP-8H0MF42', ip: '192.168.100.42', os.name: 'Windows 10', os.arch: 'amd64', os.version: '10.0', java.version: '1.8.0_221'
Driver info: driver.version: unknown

beforeClass(TestDropDownClick)  Time elapsed: 0.103 s  <<< FAILURE!
org.openqa.selenium.WebDriverException: 
Error forwarding the new session Empty pool of VM for setup Capabilities {browserName: firefox, platform: WINDOWS, version: }
Command duration or timeout: 23 milliseconds
	at TestDropDownClick.beforeClass(TestDropDownClick.java:32)
Caused by: org.openqa.selenium.WebDriverException: 
Error forwarding the new session Empty pool of VM for setup Capabilities {browserName: firefox, platform: WINDOWS, version: }
Build info: version: '3.141.59', revision: 'e82be7d358', time: '2018-11-14T08:17:03'
System info: host: 'DESKTOP-8H0MF42', ip: '192.168.100.42', os.name: 'Windows 10', os.arch: 'amd64', os.version: '10.0', java.version: '1.8.0_221'
Driver info: driver.version: unknown

beforeClass(TestDropDownClick)  Time elapsed: 0.001 s  <<< FAILURE!
org.openqa.selenium.WebDriverException: 
Error forwarding the new session Empty pool of VM for setup Capabilities {browserName: firefox, platform: WINDOWS, version: }
Command duration or timeout: 15 milliseconds
	at TestDropDownClick.beforeClass(TestDropDownClick.java:32)
Caused by: org.openqa.selenium.WebDriverException: 
Error forwarding the new session Empty pool of VM for setup Capabilities {browserName: firefox, platform: WINDOWS, version: }
Build info: version: '3.141.59', revision: 'e82be7d358', time: '2018-11-14T08:17:03'
System info: host: 'DESKTOP-8H0MF42', ip: '192.168.100.42', os.name: 'Windows 10', os.arch: 'amd64', os.version: '10.0', java.version: '1.8.0_221'
Driver info: driver.version: unknown

beforeClass(TestDropDownClick)  Time elapsed: 0 s  <<< FAILURE!
org.openqa.selenium.WebDriverException: 
Error forwarding the new session Empty pool of VM for setup Capabilities {browserName: firefox, platform: WINDOWS, version: }
Command duration or timeout: 16 milliseconds
	at TestDropDownClick.beforeClass(TestDropDownClick.java:32)
Caused by: org.openqa.selenium.WebDriverException: 
Error forwarding the new session Empty pool of VM for setup Capabilities {browserName: firefox, platform: WINDOWS, version: }
Build info: version: '3.141.59', revision: 'e82be7d358', time: '2018-11-14T08:17:03'
System info: host: 'DESKTOP-8H0MF42', ip: '192.168.100.42', os.name: 'Windows 10', os.arch: 'amd64', os.version: '10.0', java.version: '1.8.0_221'
Driver info: driver.version: unknown

beforeClass(TestDropDownClick)  Time elapsed: 0.001 s  <<< FAILURE!
org.openqa.selenium.WebDriverException: 
Error forwarding the new session Empty pool of VM for setup Capabilities {browserName: firefox, platform: WINDOWS, version: }
Command duration or timeout: 22 milliseconds
	at TestDropDownClick.beforeClass(TestDropDownClick.java:32)
Caused by: org.openqa.selenium.WebDriverException: 
Error forwarding the new session Empty pool of VM for setup Capabilities {browserName: firefox, platform: WINDOWS, version: }
Build info: version: '3.141.59', revision: 'e82be7d358', time: '2018-11-14T08:17:03'
System info: host: 'DESKTOP-8H0MF42', ip: '192.168.100.42', os.name: 'Windows 10', os.arch: 'amd64', os.version: '10.0', java.version: '1.8.0_221'
Driver info: driver.version: unknown

