<?xml version="1.0" encoding="UTF-8"?>
<!-- Generated by org.testng.reporters.JUnitXMLReporter -->
<testsuite hostname="DESKTOP-8H0MF42" ignored="0" tests="9" failures="0" timestamp="2020-01-18T16:30:06 MSK" time="1.227" errors="0">
  <testcase name="clickByDate" time="0.0" classname="TestDropDownClick">
    <skipped/>
  </testcase> <!-- clickByDate -->
  <testcase name="chooseYearOfBirthdayDropDown" time="0.0" classname="TestDropDownClick">
    <skipped/>
  </testcase> <!-- chooseYearOfBirthdayDropDown -->
  <testcase name="chooseDayOfBirthdayDropDown" time="0.0" classname="TestDropDownClick">
    <skipped/>
  </testcase> <!-- chooseDayOfBirthdayDropDown -->
  <testcase name="chooseMonthOfBirthdayDropDown" time="0.0" classname="TestDropDownClick">
    <skipped/>
  </testcase> <!-- chooseMonthOfBirthdayDropDown -->
  <testcase name="chooseYearOfBirthdayDropDown" time="0.0" classname="TestDropDownClick">
    <skipped/>
  </testcase> <!-- chooseYearOfBirthdayDropDown -->
  <testcase name="chooseDayOfBirthdayDropDown" time="0.0" classname="TestDropDownClick">
    <skipped/>
  </testcase> <!-- chooseDayOfBirthdayDropDown -->
  <testcase name="chooseMonthOfBirthdayDropDown" time="0.0" classname="TestDropDownClick">
    <skipped/>
  </testcase> <!-- chooseMonthOfBirthdayDropDown -->
  <testcase name="clickByMonth" time="0.0" classname="TestDropDownClick">
    <skipped/>
  </testcase> <!-- clickByMonth -->
  <testcase name="clickByYear" time="0.0" classname="TestDropDownClick">
    <skipped/>
  </testcase> <!-- clickByYear -->
</testsuite>
